[2022-10-02 22:21:56.773678] Log file created.
[2022-10-02 22:21:56.774612] Bot starting ...
[2022-10-02 22:22:51.006228] Bot starting ...
[2022-10-02 22:24:47.062456] Bot starting ...
[2022-10-02 22:24:50.312808] Bot ready.
[2022-10-02 22:29:00.834068] Bot starting ...
[2022-10-02 22:29:04.141696] Bot ready.
[2022-10-02 22:29:35.964310] Bot starting ...
[2022-10-02 22:29:39.263886] Bot ready.
[2022-10-02 22:29:53.920476] File created: upload\cum.txt
[2022-10-02 22:31:56.461132] Bot starting ...
[2022-10-02 22:31:59.713155] Bot ready.
[2022-10-02 22:32:01.488025] File created: upload\shid
[2022-10-02 22:35:57.764556] Bot starting ...
[2022-10-02 22:36:01.053062] Bot ready.
[2022-10-02 22:55:31.282466] Waiting for bot to start ...
[2022-10-02 22:55:32.785912] Bot starting ...
[2022-10-02 22:56:22.898630] Bot starting ...
[2022-10-02 22:56:26.749366] Bot ready.
[2022-10-02 22:56:49.546604] Bot starting ...
[2022-10-02 22:56:53.158205] Bot ready.
[2022-10-02 22:57:22.556386] Bot starting ...
[2022-10-02 22:57:26.185683] Bot ready.
[2022-10-02 22:58:33.456491] Bot starting ...
[2022-10-02 23:00:21.326162] Bot starting ...
[2022-10-02 23:00:24.614509] Bot ready.
[2022-10-02 23:00:24.615609] Checking for new files ...
[2022-10-02 23:00:29.623105] Checking for new files ...
[2022-10-02 23:00:34.620596] Checking for new files ...
[2022-10-02 23:00:39.621465] Checking for new files ...
[2022-10-02 23:00:44.616965] Checking for new files ...
[2022-10-02 23:00:44.619008] Sending file: [cum.png] ...
[2022-10-02 23:00:49.626660] Checking for new files ...
[2022-10-02 23:00:54.623239] Checking for new files ...
[2022-10-02 23:00:59.631553] Checking for new files ...
[2022-10-02 23:01:04.622620] Checking for new files ...
[2022-10-02 23:01:09.630566] Checking for new files ...
[2022-10-02 23:01:14.617132] Checking for new files ...
[2022-10-02 23:01:19.618859] Checking for new files ...
[2022-10-02 23:01:24.628487] Checking for new files ...
[2022-10-02 23:01:29.620870] Checking for new files ...
[2022-10-02 23:01:34.624994] Checking for new files ...
[2022-10-02 23:01:39.621574] Checking for new files ...
[2022-10-02 23:01:44.622701] Checking for new files ...
[2022-10-02 23:01:49.626870] Checking for new files ...
[2022-10-02 23:01:54.618023] Checking for new files ...
[2022-10-02 23:01:59.630958] Checking for new files ...
[2022-10-02 23:02:04.625050] Checking for new files ...
[2022-10-02 23:02:09.629699] Checking for new files ...
[2022-10-02 23:02:14.627219] Checking for new files ...
[2022-10-02 23:02:19.629848] Checking for new files ...
[2022-10-02 23:02:24.617990] Checking for new files ...
[2022-10-02 23:02:29.627038] Checking for new files ...
[2022-10-02 23:02:34.616382] Checking for new files ...
[2022-10-02 23:02:39.624568] Checking for new files ...
[2022-10-02 23:02:44.626661] Checking for new files ...
[2022-10-02 23:02:49.626397] Checking for new files ...
[2022-10-02 23:02:54.628620] Checking for new files ...
[2022-10-02 23:02:59.631136] Checking for new files ...
[2022-10-02 23:03:04.624675] Checking for new files ...
[2022-10-02 23:03:09.615432] Checking for new files ...
[2022-10-02 23:03:14.620855] Checking for new files ...
[2022-10-02 23:03:19.620640] Checking for new files ...
[2022-10-02 23:03:24.618693] Checking for new files ...
[2022-10-02 23:03:29.622925] Checking for new files ...
[2022-10-02 23:03:34.629913] Checking for new files ...
[2022-10-02 23:03:39.629183] Checking for new files ...
[2022-10-02 23:03:44.618574] Checking for new files ...
[2022-10-02 23:03:49.620071] Checking for new files ...
[2022-10-02 23:03:54.626327] Checking for new files ...
[2022-10-02 23:03:59.623848] Checking for new files ...
[2022-10-02 23:04:04.630297] Checking for new files ...
[2022-10-02 23:04:09.616925] Checking for new files ...
[2022-10-02 23:04:11.291621] Bot starting ...
[2022-10-02 23:04:14.678124] Bot ready.
[2022-10-02 23:04:14.679005] Checking for new files ...
[2022-10-02 23:04:19.688807] Checking for new files ...
[2022-10-02 23:04:24.680887] Checking for new files ...
[2022-10-02 23:04:24.682897] Sending file: [hello.txt] ...
[2022-10-02 23:04:47.944059] Bot starting ...
[2022-10-02 23:04:51.337000] Bot ready.
[2022-10-02 23:04:51.338500] Checking for new files ...
[2022-10-02 23:04:56.345495] Checking for new files ...
[2022-10-02 23:05:01.343568] Checking for new files ...
[2022-10-02 23:05:06.341951] Checking for new files ...
[2022-10-02 23:05:11.342308] Checking for new files ...
[2022-10-02 23:05:11.344229] Sending file: [test.txt] ...
[2022-10-02 23:05:16.343015] Checking for new files ...
[2022-10-02 23:08:03.818290] Bot starting ...
[2022-10-02 23:08:08.320767] Bot ready.
[2022-10-02 23:08:08.321841] Checking for new files ...
[2022-10-02 23:08:08.322765] File list updated.
[2022-10-02 23:08:13.337881] Checking for new files ...
[2022-10-02 23:08:13.339888] File list updated.
[2022-10-02 23:08:18.336406] Checking for new files ...
[2022-10-02 23:08:18.338291] File list updated.
[2022-10-02 23:08:23.337310] Checking for new files ...
[2022-10-02 23:08:23.339315] File list updated.
[2022-10-02 23:08:28.332538] Checking for new files ...
[2022-10-02 23:08:28.334539] File list updated.
[2022-10-02 23:08:33.332380] Checking for new files ...
[2022-10-02 23:08:33.334380] File list updated.
[2022-10-02 23:08:38.323360] Checking for new files ...
[2022-10-02 23:08:38.325551] File list updated.
[2022-10-02 23:08:43.324323] Checking for new files ...
[2022-10-02 23:08:43.326671] File list updated.
[2022-10-02 23:08:48.323592] Checking for new files ...
[2022-10-02 23:08:48.325859] File list updated.
[2022-10-02 23:08:53.323291] Checking for new files ...
[2022-10-02 23:08:53.325222] File list updated.
[2022-10-02 23:08:58.332995] Checking for new files ...
[2022-10-02 23:08:58.335206] File list updated.
[2022-10-02 23:09:03.333613] Checking for new files ...
[2022-10-02 23:09:03.335509] File list updated.
[2022-10-02 23:09:08.327984] Checking for new files ...
[2022-10-02 23:09:08.328219] File list updated.
[2022-10-02 23:09:13.331644] Checking for new files ...
[2022-10-02 23:09:13.333651] File list updated.
[2022-10-02 23:09:18.332507] Checking for new files ...
[2022-10-02 23:09:18.333952] File list updated.
[2022-10-02 23:09:23.331691] Checking for new files ...
[2022-10-02 23:09:23.333699] File list updated.
[2022-10-02 23:09:28.324226] Checking for new files ...
[2022-10-02 23:09:28.326225] File list updated.
[2022-10-02 23:09:33.330142] Checking for new files ...
[2022-10-02 23:09:33.330808] File list updated.
[2022-10-02 23:09:38.331444] Checking for new files ...
[2022-10-02 23:09:38.332602] File list updated.
[2022-10-02 23:09:43.331771] Checking for new files ...
[2022-10-02 23:09:43.333716] File list updated.
[2022-10-02 23:09:48.331397] Checking for new files ...
[2022-10-02 23:09:48.332398] File list updated.
[2022-10-02 23:09:53.327421] Checking for new files ...
[2022-10-02 23:09:53.328499] File list updated.
[2022-10-02 23:09:58.322957] Checking for new files ...
[2022-10-02 23:09:58.323955] File list updated.
[2022-10-02 23:10:03.327020] Checking for new files ...
[2022-10-02 23:10:03.329011] File list updated.
[2022-10-02 23:10:08.335271] Checking for new files ...
[2022-10-02 23:10:08.337273] File list updated.
[2022-10-02 23:10:13.324733] Checking for new files ...
[2022-10-02 23:10:13.325870] File list updated.
[2022-10-02 23:10:18.330890] Checking for new files ...
[2022-10-02 23:10:18.331889] File list updated.
[2022-10-02 23:10:23.337001] Checking for new files ...
[2022-10-02 23:10:23.338008] File list updated.
[2022-10-02 23:10:28.332062] Checking for new files ...
[2022-10-02 23:10:28.334152] File list updated.
[2022-10-02 23:10:33.329449] Checking for new files ...
[2022-10-02 23:10:33.330342] File list updated.
[2022-10-02 23:10:38.333754] Checking for new files ...
[2022-10-02 23:10:38.334887] File list updated.
[2022-10-02 23:10:43.333461] Checking for new files ...
[2022-10-02 23:10:43.334363] File list updated.
[2022-10-02 23:10:48.336384] Checking for new files ...
[2022-10-02 23:10:48.338304] File list updated.
[2022-10-02 23:10:53.322455] Checking for new files ...
[2022-10-02 23:10:53.324459] File list updated.
[2022-10-02 23:10:58.327129] Checking for new files ...
[2022-10-02 23:10:58.328008] File list updated.
[2022-10-02 23:11:03.332181] Checking for new files ...
[2022-10-02 23:11:03.333175] File list updated.
[2022-10-02 23:11:06.857269] Bot starting ...
[2022-10-02 23:11:10.480115] Bot ready.
[2022-10-02 23:11:10.481118] Checking for new files ...
[2022-10-02 23:11:15.490614] Checking for new files ...
[2022-10-02 23:11:20.494861] Checking for new files ...
[2022-10-02 23:11:25.483190] Checking for new files ...
[2022-10-02 23:11:30.497263] Checking for new files ...
[2022-10-02 23:11:35.485247] Checking for new files ...
[2022-10-02 23:11:40.514954] Bot starting ...
[2022-10-02 23:11:44.014486] Bot ready.
[2022-10-02 23:11:44.015012] Checking for new files ...
[2022-10-02 23:11:44.016006] No changes.
[2022-10-02 23:11:49.861382] Bot starting ...
[2022-10-02 23:11:53.150068] Bot ready.
[2022-10-02 23:11:53.150995] Checking for new files ...
[2022-10-02 23:11:53.151993] No changes detected.
[2022-10-02 23:11:58.159118] Checking for new files ...
[2022-10-02 23:11:58.161156] No changes detected.
[2022-10-02 23:12:03.162005] Checking for new files ...
[2022-10-02 23:12:03.162897] No changes detected.
[2022-10-02 23:12:08.168373] Checking for new files ...
[2022-10-02 23:12:08.170290] New files found: 1
[2022-10-02 23:12:08.171738] Sending file: [pizz.txt] ...
[2022-10-02 23:12:08.736533] File sent.
[2022-10-02 23:12:08.736533] File list updated.
[2022-10-02 23:12:13.155758] Checking for new files ...
[2022-10-02 23:12:13.157642] No changes detected.
[2022-10-02 23:12:18.156356] Checking for new files ...
[2022-10-02 23:12:18.157350] No changes detected.
[2022-10-02 23:12:23.149051] Checking for new files ...
[2022-10-02 23:12:23.150062] No changes detected.
[2022-10-02 23:12:28.151663] Checking for new files ...
[2022-10-02 23:12:28.153804] No changes detected.
[2022-10-02 23:12:33.159357] Checking for new files ...
[2022-10-02 23:12:33.161454] No changes detected.
[2022-10-02 23:12:38.151626] Checking for new files ...
[2022-10-02 23:12:38.153607] No changes detected.
[2022-10-02 23:12:43.153522] Checking for new files ...
[2022-10-02 23:12:43.154636] No changes detected.
[2022-10-02 23:12:48.164285] Checking for new files ...
[2022-10-02 23:12:48.164782] No changes detected.
[2022-10-02 23:12:53.160881] Checking for new files ...
[2022-10-02 23:12:53.162904] No changes detected.
[2022-10-02 23:12:58.160400] Checking for new files ...
[2022-10-02 23:12:58.162309] No changes detected.
[2022-10-02 23:13:03.162399] Checking for new files ...
[2022-10-02 23:13:03.163337] No changes detected.
[2022-10-02 23:13:08.160242] Checking for new files ...
[2022-10-02 23:13:08.162234] No changes detected.
[2022-10-02 23:13:13.165196] Checking for new files ...
[2022-10-02 23:13:13.166197] No changes detected.
[2022-10-02 23:13:18.172083] Checking for new files ...
[2022-10-02 23:13:18.174086] No changes detected.
[2022-10-02 23:13:23.151740] Checking for new files ...
[2022-10-02 23:13:23.153729] No changes detected.
[2022-10-02 23:13:28.153595] Checking for new files ...
[2022-10-02 23:13:28.155767] No changes detected.
[2022-10-02 23:13:33.166433] Checking for new files ...
[2022-10-02 23:13:33.168325] No changes detected.
[2022-10-02 23:13:38.160081] Checking for new files ...
[2022-10-02 23:13:38.162080] No changes detected.
[2022-10-02 23:13:43.154201] Checking for new files ...
[2022-10-02 23:13:43.154201] No changes detected.
[2022-10-02 23:13:48.159179] Checking for new files ...
[2022-10-02 23:13:48.159721] No changes detected.
[2022-10-02 23:13:53.157235] Checking for new files ...
[2022-10-02 23:13:53.158242] No changes detected.
[2022-10-02 23:13:58.152028] Checking for new files ...
[2022-10-02 23:13:58.152928] No changes detected.
[2022-10-02 23:14:03.162930] Checking for new files ...
[2022-10-02 23:14:03.165551] No changes detected.
[2022-10-02 23:14:08.152300] Checking for new files ...
[2022-10-02 23:14:08.153304] New files found: 1
[2022-10-02 23:14:08.153939] Sending file: [309168667_716395236647427_4313204956162105910_n.jpg] ...
[2022-10-02 23:14:09.921550] File sent.
[2022-10-02 23:14:09.922543] File list updated.
[2022-10-02 23:14:13.152706] Checking for new files ...
[2022-10-02 23:14:13.154711] No changes detected.
[2022-10-02 23:14:18.153826] Checking for new files ...
[2022-10-02 23:14:18.155785] No changes detected.
[2022-10-02 23:14:23.160912] Checking for new files ...
[2022-10-02 23:14:23.161706] No changes detected.
[2022-10-02 23:14:28.159241] Checking for new files ...
[2022-10-02 23:14:28.160146] No changes detected.
[2022-10-02 23:14:33.152751] Checking for new files ...
[2022-10-02 23:14:33.153672] No changes detected.
[2022-10-02 23:14:38.145221] Checking for new files ...
[2022-10-02 23:14:38.146489] No changes detected.
[2022-10-02 23:14:43.163937] Checking for new files ...
[2022-10-02 23:14:43.165942] No changes detected.
[2022-10-02 23:14:48.165509] Checking for new files ...
[2022-10-02 23:14:48.165509] No changes detected.
[2022-10-02 23:14:53.164092] Checking for new files ...
[2022-10-02 23:14:53.165100] No changes detected.
[2022-10-02 23:14:58.158280] Checking for new files ...
[2022-10-02 23:14:58.160163] No changes detected.
[2022-10-02 23:15:03.165485] Checking for new files ...
[2022-10-02 23:15:03.165946] No changes detected.
[2022-10-02 23:15:08.162648] Checking for new files ...
[2022-10-02 23:15:08.164593] No changes detected.
[2022-10-02 23:15:13.160950] Checking for new files ...
[2022-10-02 23:15:13.162956] No changes detected.
[2022-10-02 23:15:18.160574] Checking for new files ...
[2022-10-02 23:15:18.162568] No changes detected.
[2022-10-02 23:15:23.156779] Checking for new files ...
[2022-10-02 23:15:23.157777] No changes detected.
[2022-10-02 23:15:26.639378] Bot starting ...
[2022-10-02 23:15:29.996974] Bot ready.
[2022-10-02 23:15:29.997959] Checking for new files ...
[2022-10-02 23:15:29.998950] No new files.
[2022-10-02 23:15:29.999954] File list updated.
[2022-10-02 23:15:35.003180] Checking for new files ...
[2022-10-02 23:15:35.005185] No new files.
[2022-10-02 23:15:35.006175] File list updated.
[2022-10-02 23:15:40.002954] Checking for new files ...
[2022-10-02 23:15:40.004959] No new files.
[2022-10-02 23:15:40.006991] File list updated.
[2022-10-02 23:15:45.019089] Checking for new files ...
[2022-10-02 23:15:45.021379] No new files.
[2022-10-02 23:15:45.022195] File list updated.
[2022-10-02 23:15:50.008980] Checking for new files ...
[2022-10-02 23:15:50.010990] No new files.
[2022-10-02 23:15:50.011982] File list updated.
[2022-10-02 23:15:55.012713] Checking for new files ...
[2022-10-02 23:15:55.014714] No new files.
[2022-10-02 23:15:55.016781] File list updated.
[2022-10-02 23:16:00.005722] Checking for new files ...
[2022-10-02 23:16:00.007012] No new files.
[2022-10-02 23:16:00.007476] File list updated.
[2022-10-02 23:16:05.007525] Checking for new files ...
[2022-10-02 23:16:05.009449] New files found: 1
[2022-10-02 23:16:05.009629] Sending file: [cmn_nameplate_custom20_26_00_0_0_0_0.png] ...
[2022-10-02 23:16:05.636705] File sent.
[2022-10-02 23:16:05.637702] File list updated.
[2022-10-02 23:16:09.999804] Checking for new files ...
[2022-10-02 23:16:10.001805] No new files.
[2022-10-02 23:16:10.003797] File list updated.
[2022-10-02 23:16:15.010202] Checking for new files ...
[2022-10-02 23:16:15.012202] No new files.
[2022-10-02 23:16:15.014194] File list updated.
[2022-10-02 23:16:20.004141] Checking for new files ...
[2022-10-02 23:16:20.006446] No new files.
[2022-10-02 23:16:20.008352] File list updated.
[2022-10-02 23:16:24.992015] Checking for new files ...
[2022-10-02 23:16:24.994022] No new files.
[2022-10-02 23:16:24.995431] File list updated.
[2022-10-02 23:16:30.009862] Checking for new files ...
[2022-10-02 23:16:30.011854] No new files.
[2022-10-02 23:16:30.012714] File list updated.
[2022-10-02 23:16:35.005158] Checking for new files ...
[2022-10-02 23:16:35.007512] No new files.
[2022-10-02 23:16:35.007938] File list updated.
[2022-10-02 23:16:40.000124] Checking for new files ...
[2022-10-02 23:16:40.000480] No new files.
[2022-10-02 23:16:40.000977] File list updated.
[2022-10-02 23:16:45.004296] Checking for new files ...
[2022-10-02 23:16:45.006517] No new files.
[2022-10-02 23:16:45.007513] File list updated.
[2022-10-02 23:16:50.007065] Checking for new files ...
[2022-10-02 23:16:50.008064] No new files.
[2022-10-02 23:16:50.010059] File list updated.
[2022-10-02 23:16:55.010057] Checking for new files ...
[2022-10-02 23:16:55.011987] No new files.
[2022-10-02 23:16:55.013106] File list updated.
[2022-10-02 23:17:00.009662] Checking for new files ...
[2022-10-02 23:17:00.012884] No new files.
[2022-10-02 23:17:00.015525] File list updated.
[2022-10-02 23:17:05.009603] Checking for new files ...
[2022-10-02 23:17:05.010604] No new files.
[2022-10-02 23:17:05.010996] File list updated.
[2022-10-02 23:17:09.997513] Checking for new files ...
[2022-10-02 23:17:09.999513] No new files.
[2022-10-02 23:17:10.001525] File list updated.
[2022-10-02 23:17:15.004967] Checking for new files ...
[2022-10-02 23:17:15.006111] No new files.
[2022-10-02 23:17:15.007108] File list updated.
[2022-10-02 23:17:20.005998] Checking for new files ...
[2022-10-02 23:17:20.005998] No new files.
[2022-10-02 23:17:20.007176] File list updated.
[2022-10-02 23:17:25.009236] Checking for new files ...
[2022-10-02 23:17:25.010242] No new files.
[2022-10-02 23:17:25.012045] File list updated.
[2022-10-02 23:17:30.011991] Checking for new files ...
[2022-10-02 23:17:30.013783] No new files.
[2022-10-02 23:17:30.014805] File list updated.
[2022-10-02 23:17:34.997887] Checking for new files ...
[2022-10-02 23:17:34.998890] No new files.
[2022-10-02 23:17:34.999044] File list updated.
[2022-10-02 23:17:40.010633] Checking for new files ...
[2022-10-02 23:17:40.012637] No new files.
[2022-10-02 23:17:40.014672] File list updated.
[2022-10-02 23:17:45.000201] Checking for new files ...
[2022-10-02 23:17:45.002205] No new files.
[2022-10-02 23:17:45.004269] File list updated.
[2022-10-02 23:17:50.003498] Checking for new files ...
[2022-10-02 23:17:50.006086] No new files.
[2022-10-02 23:17:50.007203] File list updated.
[2022-10-02 23:17:55.012932] Checking for new files ...
[2022-10-02 23:17:55.014471] No new files.
[2022-10-02 23:17:55.014802] File list updated.
[2022-10-02 23:18:00.001753] Checking for new files ...
[2022-10-02 23:18:00.003759] No new files.
[2022-10-02 23:18:00.005866] File list updated.
[2022-10-02 23:18:04.999848] Checking for new files ...
[2022-10-02 23:18:05.001848] No new files.
[2022-10-02 23:18:05.003842] File list updated.
[2022-10-02 23:18:10.011641] Checking for new files ...
[2022-10-02 23:18:10.012558] No new files.
[2022-10-02 23:18:10.012558] File list updated.
[2022-10-02 23:18:15.012405] Checking for new files ...
[2022-10-02 23:18:15.014499] No new files.
[2022-10-02 23:18:15.015668] File list updated.
[2022-10-02 23:18:20.000008] Checking for new files ...
[2022-10-02 23:18:20.000919] No new files.
[2022-10-02 23:18:20.001261] File list updated.
[2022-10-02 23:18:25.012519] Checking for new files ...
[2022-10-02 23:18:25.014520] No new files.
[2022-10-02 23:18:25.015353] File list updated.
[2022-10-02 23:18:30.003346] Checking for new files ...
[2022-10-02 23:18:30.004350] No new files.
[2022-10-02 23:18:30.005471] File list updated.
[2022-10-02 23:18:35.012437] Checking for new files ...
[2022-10-02 23:18:35.013485] No new files.
[2022-10-02 23:18:35.014427] File list updated.
[2022-10-02 23:18:40.007180] Checking for new files ...
[2022-10-02 23:18:40.009182] No new files.
[2022-10-02 23:18:40.009960] File list updated.
[2022-10-02 23:18:45.012181] Checking for new files ...
[2022-10-02 23:18:45.014831] No new files.
[2022-10-02 23:18:45.015828] File list updated.
[2022-10-02 23:18:49.998233] Checking for new files ...
[2022-10-02 23:18:50.000127] No new files.
[2022-10-02 23:18:50.001192] File list updated.
[2022-10-02 23:18:55.002488] Checking for new files ...
[2022-10-02 23:18:55.003484] No new files.
[2022-10-02 23:18:55.005251] File list updated.
[2022-10-02 23:19:00.003463] Checking for new files ...
[2022-10-02 23:19:00.006140] No new files.
[2022-10-02 23:19:00.007647] File list updated.
[2022-10-02 23:19:05.001815] Checking for new files ...
[2022-10-02 23:19:05.003828] No new files.
[2022-10-02 23:19:05.006017] File list updated.
[2022-10-02 23:19:10.005507] Checking for new files ...
[2022-10-02 23:19:10.007509] No new files.
[2022-10-02 23:19:10.008289] File list updated.
[2022-10-02 23:19:15.002873] Checking for new files ...
[2022-10-02 23:19:15.004879] No new files.
[2022-10-02 23:19:15.006027] File list updated.
[2022-10-02 23:19:20.004505] Checking for new files ...
[2022-10-02 23:19:20.006904] No new files.
[2022-10-02 23:19:20.007903] File list updated.
[2022-10-02 23:19:25.000214] Checking for new files ...
[2022-10-02 23:19:25.001220] No new files.
[2022-10-02 23:19:25.002215] File list updated.
[2022-10-02 23:19:30.000520] Checking for new files ...
[2022-10-02 23:19:30.002529] No new files.
[2022-10-02 23:19:30.003419] File list updated.
[2022-10-02 23:19:35.002533] Checking for new files ...
[2022-10-02 23:19:35.003521] No new files.
[2022-10-02 23:19:35.003521] File list updated.
